{"C:\\Users\\lluna\\Desktop\\dds-act87\\dds-act87\\src\\app.js": {"path":"C:\\Users\\lluna\\Desktop\\dds-act87\\dds-act87\\src\\app.js","statementMap":{"0":{"start":{"line":1,"column":16},"end":{"line":1,"column":34}},"1":{"start":{"line":2,"column":12},"end":{"line":2,"column":21}},"2":{"start":{"line":3,"column":13},"end":{"line":3,"column":30}},"3":{"start":{"line":5,"column":0},"end":{"line":5,"column":42}},"4":{"start":{"line":6,"column":0},"end":{"line":6,"column":25}},"5":{"start":{"line":9,"column":0},"end":{"line":9,"column":23}},"6":{"start":{"line":10,"column":0},"end":{"line":10,"column":46}},"7":{"start":{"line":11,"column":0},"end":{"line":11,"column":24}},"8":{"start":{"line":14,"column":0},"end":{"line":14,"column":46}},"9":{"start":{"line":17,"column":0},"end":{"line":21,"column":3}},"10":{"start":{"line":18,"column":4},"end":{"line":20,"column":7}},"11":{"start":{"line":19,"column":6},"end":{"line":19,"column":65}},"12":{"start":{"line":23,"column":0},"end":{"line":23,"column":19}}},"fnMap":{"0":{"name":"(anonymous_0)","decl":{"start":{"line":18,"column":32},"end":{"line":18,"column":33}},"loc":{"start":{"line":18,"column":38},"end":{"line":20,"column":5}},"line":18}},"branchMap":{"0":{"loc":{"start":{"line":5,"column":16},"end":{"line":5,"column":40}},"type":"binary-expr","locations":[{"start":{"line":5,"column":16},"end":{"line":5,"column":32}},{"start":{"line":5,"column":36},"end":{"line":5,"column":40}}],"line":5},"1":{"loc":{"start":{"line":17,"column":0},"end":{"line":21,"column":3}},"type":"if","locations":[{"start":{"line":17,"column":0},"end":{"line":21,"column":3}},{"start":{},"end":{}}],"line":17}},"s":{"0":1,"1":1,"2":1,"3":1,"4":1,"5":1,"6":1,"7":1,"8":1,"9":1,"10":0,"11":0,"12":1},"f":{"0":0},"b":{"0":[1,1],"1":[0,1]},"_coverageSchema":"1a1c01bbd47fc00a2c39e90264f33305004495a9","hash":"8a714efdaff044b9e4a3f1a1f9a49e0f9da0d142"}
,"C:\\Users\\lluna\\Desktop\\dds-act87\\dds-act87\\src\\controllers\\investmentController.js": {"path":"C:\\Users\\lluna\\Desktop\\dds-act87\\dds-act87\\src\\controllers\\investmentController.js","statementMap":{"0":{"start":{"line":2,"column":26},"end":{"line":2,"column":66}},"1":{"start":{"line":4,"column":29},"end":{"line":39,"column":1}},"2":{"start":{"line":6,"column":52},"end":{"line":6,"column":60}},"3":{"start":{"line":8,"column":4},"end":{"line":10,"column":5}},"4":{"start":{"line":9,"column":6},"end":{"line":9,"column":72}},"5":{"start":{"line":12,"column":18},"end":{"line":17,"column":5}},"6":{"start":{"line":19,"column":4},"end":{"line":19,"column":38}},"7":{"start":{"line":20,"column":4},"end":{"line":20,"column":32}},"8":{"start":{"line":24,"column":4},"end":{"line":26,"column":6}},"9":{"start":{"line":25,"column":8},"end":{"line":25,"column":25}},"10":{"start":{"line":30,"column":4},"end":{"line":30,"column":36}},"11":{"start":{"line":31,"column":4},"end":{"line":31,"column":57}},"12":{"start":{"line":35,"column":4},"end":{"line":37,"column":7}},"13":{"start":{"line":36,"column":8},"end":{"line":36,"column":56}},"14":{"start":{"line":41,"column":0},"end":{"line":41,"column":38}}},"fnMap":{"0":{"name":"(anonymous_0)","decl":{"start":{"line":5,"column":12},"end":{"line":5,"column":13}},"loc":{"start":{"line":5,"column":26},"end":{"line":21,"column":3}},"line":5},"1":{"name":"(anonymous_1)","decl":{"start":{"line":23,"column":16},"end":{"line":23,"column":17}},"loc":{"start":{"line":23,"column":30},"end":{"line":27,"column":3}},"line":23},"2":{"name":"(anonymous_2)","decl":{"start":{"line":24,"column":42},"end":{"line":24,"column":43}},"loc":{"start":{"line":24,"column":52},"end":{"line":26,"column":5}},"line":24},"3":{"name":"(anonymous_3)","decl":{"start":{"line":29,"column":15},"end":{"line":29,"column":16}},"loc":{"start":{"line":29,"column":29},"end":{"line":32,"column":3}},"line":29},"4":{"name":"(anonymous_4)","decl":{"start":{"line":34,"column":33},"end":{"line":34,"column":34}},"loc":{"start":{"line":34,"column":47},"end":{"line":38,"column":3}},"line":34},"5":{"name":"(anonymous_5)","decl":{"start":{"line":35,"column":59},"end":{"line":35,"column":60}},"loc":{"start":{"line":35,"column":83},"end":{"line":37,"column":5}},"line":35}},"branchMap":{"0":{"loc":{"start":{"line":8,"column":4},"end":{"line":10,"column":5}},"type":"if","locations":[{"start":{"line":8,"column":4},"end":{"line":10,"column":5}},{"start":{},"end":{}}],"line":8},"1":{"loc":{"start":{"line":8,"column":8},"end":{"line":8,"column":53}},"type":"binary-expr","locations":[{"start":{"line":8,"column":8},"end":{"line":8,"column":15}},{"start":{"line":8,"column":19},"end":{"line":8,"column":28}},{"start":{"line":8,"column":32},"end":{"line":8,"column":38}},{"start":{"line":8,"column":42},"end":{"line":8,"column":53}}],"line":8}},"s":{"0":1,"1":1,"2":1,"3":1,"4":0,"5":1,"6":1,"7":1,"8":1,"9":1,"10":1,"11":1,"12":1,"13":1,"14":1},"f":{"0":1,"1":1,"2":1,"3":1,"4":1,"5":1},"b":{"0":[0,1],"1":[1,1,1,1]},"_coverageSchema":"1a1c01bbd47fc00a2c39e90264f33305004495a9","hash":"13046d74497b7954c83e4a47406caadd5630cf16"}
,"C:\\Users\\lluna\\Desktop\\dds-act87\\dds-act87\\src\\repositories\\investmentRepository.js": {"path":"C:\\Users\\lluna\\Desktop\\dds-act87\\dds-act87\\src\\repositories\\investmentRepository.js","statementMap":{"0":{"start":{"line":2,"column":33},"end":{"line":2,"column":53}},"1":{"start":{"line":6,"column":4},"end":{"line":6,"column":21}},"2":{"start":{"line":10,"column":4},"end":{"line":10,"column":28}},"3":{"start":{"line":14,"column":4},"end":{"line":14,"column":23}},"4":{"start":{"line":18,"column":4},"end":{"line":18,"column":21}},"5":{"start":{"line":22,"column":4},"end":{"line":22,"column":64}},"6":{"start":{"line":22,"column":39},"end":{"line":22,"column":62}},"7":{"start":{"line":26,"column":26},"end":{"line":26,"column":91}},"8":{"start":{"line":26,"column":54},"end":{"line":26,"column":90}},"9":{"start":{"line":28,"column":4},"end":{"line":31,"column":5}},"10":{"start":{"line":29,"column":6},"end":{"line":29,"column":53}},"11":{"start":{"line":30,"column":6},"end":{"line":30,"column":57}},"12":{"start":{"line":35,"column":18},"end":{"line":38,"column":2}},"13":{"start":{"line":40,"column":14},"end":{"line":57,"column":2}},"14":{"start":{"line":61,"column":4},"end":{"line":61,"column":17}},"15":{"start":{"line":64,"column":4},"end":{"line":64,"column":30}},"16":{"start":{"line":68,"column":4},"end":{"line":68,"column":33}},"17":{"start":{"line":72,"column":4},"end":{"line":74,"column":7}},"18":{"start":{"line":78,"column":4},"end":{"line":82,"column":7}},"19":{"start":{"line":86,"column":4},"end":{"line":86,"column":23}},"20":{"start":{"line":91,"column":0},"end":{"line":95,"column":1}},"21":{"start":{"line":92,"column":1},"end":{"line":92,"column":49}},"22":{"start":{"line":94,"column":3},"end":{"line":94,"column":49}},"23":{"start":{"line":97,"column":0},"end":{"line":97,"column":38}}},"fnMap":{"0":{"name":"(anonymous_0)","decl":{"start":{"line":5,"column":2},"end":{"line":5,"column":3}},"loc":{"start":{"line":5,"column":16},"end":{"line":7,"column":3}},"line":5},"1":{"name":"(anonymous_1)","decl":{"start":{"line":9,"column":2},"end":{"line":9,"column":3}},"loc":{"start":{"line":9,"column":24},"end":{"line":11,"column":3}},"line":9},"2":{"name":"(anonymous_2)","decl":{"start":{"line":13,"column":2},"end":{"line":13,"column":3}},"loc":{"start":{"line":13,"column":23},"end":{"line":15,"column":3}},"line":13},"3":{"name":"(anonymous_3)","decl":{"start":{"line":17,"column":2},"end":{"line":17,"column":3}},"loc":{"start":{"line":17,"column":22},"end":{"line":19,"column":3}},"line":17},"4":{"name":"(anonymous_4)","decl":{"start":{"line":21,"column":2},"end":{"line":21,"column":3}},"loc":{"start":{"line":21,"column":33},"end":{"line":23,"column":3}},"line":21},"5":{"name":"(anonymous_5)","decl":{"start":{"line":22,"column":28},"end":{"line":22,"column":29}},"loc":{"start":{"line":22,"column":39},"end":{"line":22,"column":62}},"line":22},"6":{"name":"(anonymous_6)","decl":{"start":{"line":25,"column":2},"end":{"line":25,"column":3}},"loc":{"start":{"line":25,"column":34},"end":{"line":32,"column":1}},"line":25},"7":{"name":"(anonymous_7)","decl":{"start":{"line":26,"column":43},"end":{"line":26,"column":44}},"loc":{"start":{"line":26,"column":54},"end":{"line":26,"column":90}},"line":26},"8":{"name":"(anonymous_8)","decl":{"start":{"line":60,"column":2},"end":{"line":60,"column":3}},"loc":{"start":{"line":60,"column":15},"end":{"line":62,"column":3}},"line":60},"9":{"name":"(anonymous_9)","decl":{"start":{"line":63,"column":2},"end":{"line":63,"column":3}},"loc":{"start":{"line":63,"column":24},"end":{"line":65,"column":3}},"line":63},"10":{"name":"(anonymous_10)","decl":{"start":{"line":67,"column":2},"end":{"line":67,"column":3}},"loc":{"start":{"line":67,"column":23},"end":{"line":69,"column":3}},"line":67},"11":{"name":"(anonymous_11)","decl":{"start":{"line":71,"column":2},"end":{"line":71,"column":3}},"loc":{"start":{"line":71,"column":22},"end":{"line":75,"column":3}},"line":71},"12":{"name":"(anonymous_12)","decl":{"start":{"line":77,"column":2},"end":{"line":77,"column":3}},"loc":{"start":{"line":77,"column":33},"end":{"line":83,"column":3}},"line":77},"13":{"name":"(anonymous_13)","decl":{"start":{"line":85,"column":2},"end":{"line":85,"column":3}},"loc":{"start":{"line":85,"column":27},"end":{"line":87,"column":3}},"line":85}},"branchMap":{"0":{"loc":{"start":{"line":28,"column":4},"end":{"line":31,"column":5}},"type":"if","locations":[{"start":{"line":28,"column":4},"end":{"line":31,"column":5}},{"start":{},"end":{}}],"line":28},"1":{"loc":{"start":{"line":91,"column":0},"end":{"line":95,"column":1}},"type":"if","locations":[{"start":{"line":91,"column":0},"end":{"line":95,"column":1}},{"start":{"line":93,"column":7},"end":{"line":95,"column":1}}],"line":91}},"s":{"0":2,"1":2,"2":2,"3":4,"4":1,"5":2,"6":0,"7":0,"8":0,"9":0,"10":0,"11":0,"12":2,"13":2,"14":0,"15":0,"16":0,"17":0,"18":0,"19":0,"20":2,"21":2,"22":0,"23":2},"f":{"0":2,"1":2,"2":4,"3":1,"4":2,"5":0,"6":0,"7":0,"8":0,"9":0,"10":0,"11":0,"12":0,"13":0},"b":{"0":[0,0],"1":[2,0]},"_coverageSchema":"1a1c01bbd47fc00a2c39e90264f33305004495a9","hash":"42d5871e091e36f76a3332bbd89cf73d1c7e7484"}
,"C:\\Users\\lluna\\Desktop\\dds-act87\\dds-act87\\src\\routes\\investmentRoutes.js": {"path":"C:\\Users\\lluna\\Desktop\\dds-act87\\dds-act87\\src\\routes\\investmentRoutes.js","statementMap":{"0":{"start":{"line":15,"column":19},"end":{"line":15,"column":37}},"1":{"start":{"line":16,"column":15},"end":{"line":16,"column":23}},"2":{"start":{"line":18,"column":29},"end":{"line":18,"column":79}},"3":{"start":{"line":19,"column":26},"end":{"line":19,"column":69}},"4":{"start":{"line":20,"column":29},"end":{"line":20,"column":75}},"5":{"start":{"line":23,"column":0},"end":{"line":23,"column":54}},"6":{"start":{"line":24,"column":0},"end":{"line":24,"column":57}},"7":{"start":{"line":25,"column":0},"end":{"line":25,"column":59}},"8":{"start":{"line":26,"column":0},"end":{"line":26,"column":89}},"9":{"start":{"line":28,"column":0},"end":{"line":28,"column":23}}},"fnMap":{},"branchMap":{},"s":{"0":1,"1":1,"2":1,"3":1,"4":1,"5":1,"6":1,"7":1,"8":1,"9":1},"f":{},"b":{},"_coverageSchema":"1a1c01bbd47fc00a2c39e90264f33305004495a9","hash":"a99a3a0a71463516cf118de39393fc006d82a794"}
,"C:\\Users\\lluna\\Desktop\\dds-act87\\dds-act87\\src\\services\\investmentService.js": {"path":"C:\\Users\\lluna\\Desktop\\dds-act87\\dds-act87\\src\\services\\investmentService.js","statementMap":{"0":{"start":{"line":1,"column":29},"end":{"line":1,"column":79}},"1":{"start":{"line":3,"column":26},"end":{"line":49,"column":1}},"2":{"start":{"line":5,"column":26},"end":{"line":5,"column":83}},"3":{"start":{"line":7,"column":4},"end":{"line":13,"column":5}},"4":{"start":{"line":8,"column":6},"end":{"line":8,"column":47}},"5":{"start":{"line":9,"column":6},"end":{"line":9,"column":51}},"6":{"start":{"line":10,"column":6},"end":{"line":10,"column":60}},"7":{"start":{"line":12,"column":6},"end":{"line":12,"column":49}},"8":{"start":{"line":17,"column":4},"end":{"line":17,"column":52}},"9":{"start":{"line":21,"column":4},"end":{"line":21,"column":45}},"10":{"start":{"line":24,"column":25},"end":{"line":28,"column":7}},"11":{"start":{"line":29,"column":6},"end":{"line":29,"column":70}},"12":{"start":{"line":29,"column":40},"end":{"line":29,"column":63}},"13":{"start":{"line":33,"column":19},"end":{"line":33,"column":60}},"14":{"start":{"line":34,"column":21},"end":{"line":34,"column":22}},"15":{"start":{"line":35,"column":26},"end":{"line":35,"column":27}},"16":{"start":{"line":36,"column":23},"end":{"line":36,"column":24}},"17":{"start":{"line":41,"column":4},"end":{"line":46,"column":7}},"18":{"start":{"line":42,"column":6},"end":{"line":42,"column":68}},"19":{"start":{"line":43,"column":6},"end":{"line":43,"column":31}},"20":{"start":{"line":44,"column":6},"end":{"line":44,"column":42}},"21":{"start":{"line":45,"column":6},"end":{"line":45,"column":50}},"22":{"start":{"line":47,"column":4},"end":{"line":47,"column":68}},"23":{"start":{"line":51,"column":0},"end":{"line":51,"column":35}}},"fnMap":{"0":{"name":"(anonymous_0)","decl":{"start":{"line":4,"column":12},"end":{"line":4,"column":13}},"loc":{"start":{"line":4,"column":29},"end":{"line":14,"column":3}},"line":4},"1":{"name":"(anonymous_1)","decl":{"start":{"line":16,"column":16},"end":{"line":16,"column":17}},"loc":{"start":{"line":16,"column":28},"end":{"line":18,"column":3}},"line":16},"2":{"name":"(anonymous_2)","decl":{"start":{"line":20,"column":15},"end":{"line":20,"column":16}},"loc":{"start":{"line":20,"column":27},"end":{"line":22,"column":3}},"line":20},"3":{"name":"(anonymous_3)","decl":{"start":{"line":23,"column":18},"end":{"line":23,"column":19}},"loc":{"start":{"line":23,"column":29},"end":{"line":30,"column":5}},"line":23},"4":{"name":"(anonymous_4)","decl":{"start":{"line":29,"column":29},"end":{"line":29,"column":30}},"loc":{"start":{"line":29,"column":40},"end":{"line":29,"column":63}},"line":29},"5":{"name":"(anonymous_5)","decl":{"start":{"line":32,"column":33},"end":{"line":32,"column":34}},"loc":{"start":{"line":32,"column":45},"end":{"line":48,"column":3}},"line":32},"6":{"name":"(anonymous_6)","decl":{"start":{"line":41,"column":19},"end":{"line":41,"column":20}},"loc":{"start":{"line":41,"column":30},"end":{"line":46,"column":5}},"line":41}},"branchMap":{"0":{"loc":{"start":{"line":7,"column":4},"end":{"line":13,"column":5}},"type":"if","locations":[{"start":{"line":7,"column":4},"end":{"line":13,"column":5}},{"start":{"line":11,"column":11},"end":{"line":13,"column":5}}],"line":7}},"s":{"0":2,"1":2,"2":2,"3":2,"4":0,"5":0,"6":0,"7":2,"8":2,"9":1,"10":0,"11":0,"12":0,"13":2,"14":2,"15":2,"16":2,"17":2,"18":1,"19":1,"20":1,"21":1,"22":2,"23":2},"f":{"0":2,"1":2,"2":1,"3":0,"4":0,"5":2,"6":1},"b":{"0":[0,2]},"_coverageSchema":"1a1c01bbd47fc00a2c39e90264f33305004495a9","hash":"0cf47a8e31347c9dd2c6fd502a0720a5555d3335"}
}
