TN:
SF:src\app.js
FN:18,(anonymous_0)
FNF:1
FNH:0
FNDA:0,(anonymous_0)
DA:1,1
DA:2,1
DA:3,1
DA:5,1
DA:6,1
DA:9,1
DA:10,1
DA:11,1
DA:14,1
DA:17,1
DA:18,0
DA:19,0
DA:23,1
LF:13
LH:11
BRDA:5,0,0,1
BRDA:5,0,1,1
BRDA:17,1,0,0
BRDA:17,1,1,1
BRF:4
BRH:3
end_of_record
TN:
SF:src\controllers\investmentController.js
FN:5,(anonymous_0)
FN:23,(anonymous_1)
FN:24,(anonymous_2)
FN:29,(anonymous_3)
FN:34,(anonymous_4)
FN:35,(anonymous_5)
FNF:6
FNH:6
FNDA:1,(anonymous_0)
FNDA:1,(anonymous_1)
FNDA:1,(anonymous_2)
FNDA:1,(anonymous_3)
FNDA:1,(anonymous_4)
FNDA:1,(anonymous_5)
DA:2,1
DA:4,1
DA:6,1
DA:8,1
DA:9,0
DA:12,1
DA:19,1
DA:20,1
DA:24,1
DA:25,1
DA:30,1
DA:31,1
DA:35,1
DA:36,1
DA:41,1
LF:15
LH:14
BRDA:8,0,0,0
BRDA:8,0,1,1
BRDA:8,1,0,1
BRDA:8,1,1,1
BRDA:8,1,2,1
BRDA:8,1,3,1
BRF:6
BRH:5
end_of_record
TN:
SF:src\repositories\investmentRepository.js
FN:5,(anonymous_0)
FN:9,(anonymous_1)
FN:13,(anonymous_2)
FN:17,(anonymous_3)
FN:21,(anonymous_4)
FN:22,(anonymous_5)
FN:25,(anonymous_6)
FN:26,(anonymous_7)
FN:60,(anonymous_8)
FN:63,(anonymous_9)
FN:67,(anonymous_10)
FN:71,(anonymous_11)
FN:77,(anonymous_12)
FN:85,(anonymous_13)
FNF:14
FNH:5
FNDA:2,(anonymous_0)
FNDA:2,(anonymous_1)
FNDA:4,(anonymous_2)
FNDA:1,(anonymous_3)
FNDA:2,(anonymous_4)
FNDA:0,(anonymous_5)
FNDA:0,(anonymous_6)
FNDA:0,(anonymous_7)
FNDA:0,(anonymous_8)
FNDA:0,(anonymous_9)
FNDA:0,(anonymous_10)
FNDA:0,(anonymous_11)
FNDA:0,(anonymous_12)
FNDA:0,(anonymous_13)
DA:2,2
DA:6,2
DA:10,2
DA:14,4
DA:18,1
DA:22,2
DA:26,0
DA:28,0
DA:29,0
DA:30,0
DA:35,2
DA:40,2
DA:61,0
DA:64,0
DA:68,0
DA:72,0
DA:78,0
DA:86,0
DA:91,2
DA:92,2
DA:94,0
DA:97,2
LF:22
LH:11
BRDA:28,0,0,0
BRDA:28,0,1,0
BRDA:91,1,0,2
BRDA:91,1,1,0
BRF:4
BRH:1
end_of_record
TN:
SF:src\routes\investmentRoutes.js
FNF:0
FNH:0
DA:15,1
DA:16,1
DA:18,1
DA:19,1
DA:20,1
DA:23,1
DA:24,1
DA:25,1
DA:26,1
DA:28,1
LF:10
LH:10
BRF:0
BRH:0
end_of_record
TN:
SF:src\services\investmentService.js
FN:4,(anonymous_0)
FN:16,(anonymous_1)
FN:20,(anonymous_2)
FN:23,(anonymous_3)
FN:29,(anonymous_4)
FN:32,(anonymous_5)
FN:41,(anonymous_6)
FNF:7
FNH:5
FNDA:2,(anonymous_0)
FNDA:2,(anonymous_1)
FNDA:1,(anonymous_2)
FNDA:0,(anonymous_3)
FNDA:0,(anonymous_4)
FNDA:2,(anonymous_5)
FNDA:1,(anonymous_6)
DA:1,2
DA:3,2
DA:5,2
DA:7,2
DA:8,0
DA:9,0
DA:10,0
DA:12,2
DA:17,2
DA:21,1
DA:24,0
DA:29,0
DA:33,2
DA:34,2
DA:35,2
DA:36,2
DA:41,2
DA:42,1
DA:43,1
DA:44,1
DA:45,1
DA:47,2
DA:51,2
LF:23
LH:18
BRDA:7,0,0,0
BRDA:7,0,1,2
BRF:2
BRH:1
end_of_record
